#
# There is insufficient memory for the Java Runtime Environment to continue.
# Native memory allocation (malloc) failed to allocate 32744 bytes for ChunkPool::allocate
# Possible reasons:
#   The system is out of physical RAM or swap space
#   The process is running with CompressedOops enabled, and the Java Heap may be blocking the growth of the native heap
# Possible solutions:
#   Reduce memory load on the system
#   Increase physical memory or swap space
#   Check if swap backing store is full
#   Decrease Java heap size (-Xmx/-Xms)
#   Decrease number of Java threads
#   Decrease Java thread stack sizes (-Xss)
#   Set larger code cache with -XX:ReservedCodeCacheSize=
#   JVM is running with Unscaled Compressed Oops mode in which the Java heap is
#     placed in the first 4GB address space. The Java Heap base address is the
#     maximum limit for the native heap growth. Please use -XX:HeapBaseMinAddress
#     to set the Java Heap base and to place the Java Heap above 4GB virtual address.
# This output file may be truncated or incomplete.
#
#  Out of Memory Error (allocation.cpp:272), pid=264744, tid=0x000000000004199c
#
# JRE version: Java(TM) SE Runtime Environment (8.0_281-b09) (build 1.8.0_281-b09)
# Java VM: Java HotSpot(TM) 64-Bit Server VM (25.281-b09 mixed mode windows-amd64 compressed oops)
# Failed to write core dump. Minidumps are not enabled by default on client versions of Windows
#

---------------  T H R E A D  ---------------

Current thread (0x0000026b95dc3000):  JavaThread "C2 CompilerThread0" daemon [_thread_in_native, id=268700, stack(0x000000a073600000,0x000000a073700000)]

Stack: [0x000000a073600000,0x000000a073700000]
Native frames: (J=compiled Java code, j=interpreted, Vv=VM code, C=native code)
V  [jvm.dll+0x32e5b9]
V  [jvm.dll+0x275012]
V  [jvm.dll+0x275cbd]
V  [jvm.dll+0x26c6f5]
V  [jvm.dll+0xd569d]
V  [jvm.dll+0xd59fc]
V  [jvm.dll+0x4732a2]
V  [jvm.dll+0x4727df]
V  [jvm.dll+0x48b30c]
V  [jvm.dll+0x48bac2]
V  [jvm.dll+0x4375ad]
V  [jvm.dll+0x4403d5]
V  [jvm.dll+0x43f795]
V  [jvm.dll+0x42a5e7]
V  [jvm.dll+0xabe9b]
V  [jvm.dll+0xaa4fb]
V  [jvm.dll+0x23d6b2]
V  [jvm.dll+0x291cbc]
C  [ucrtbase.dll+0x214c2]
C  [KERNEL32.DLL+0x17034]
C  [ntdll.dll+0x4d0d1]


Current CompileTask:
C2: 849545 6523 %     4       org.processmining.logalignment.algorithms.MergeLogAlignmentArrayIntoLogAlignmentAlgorithm::mergeTracesPrivate @ 1500 (2884 bytes)


---------------  P R O C E S S  ---------------

Java Threads: ( => current thread )
  0x0000026b9696c000 JavaThread "pool-1-thread-6" [_thread_blocked, id=270168, stack(0x000000a074c00000,0x000000a074d00000)]
  0x0000026b96967800 JavaThread "pool-1-thread-5" [_thread_blocked, id=268828, stack(0x000000a074b00000,0x000000a074c00000)]
  0x0000026b9696a000 JavaThread "pool-1-thread-4" [_thread_blocked, id=270292, stack(0x000000a074a00000,0x000000a074b00000)]
  0x0000026b96967000 JavaThread "pool-1-thread-3" [_thread_blocked, id=270048, stack(0x000000a074900000,0x000000a074a00000)]
  0x0000026b9696b800 JavaThread "pool-1-thread-2" [_thread_blocked, id=270308, stack(0x000000a074300000,0x000000a074400000)]
  0x0000026b9696a800 JavaThread "pool-1-thread-1" [_thread_blocked, id=269960, stack(0x000000a074700000,0x000000a074800000)]
  0x0000026b9696d000 JavaThread "Swing-Shell" daemon [_thread_blocked, id=270080, stack(0x000000a074400000,0x000000a074500000)]
  0x0000026b96d30000 JavaThread "D3D Screen Updater" daemon [_thread_blocked, id=269792, stack(0x000000a074200000,0x000000a074300000)]
  0x0000026b96d2e000 JavaThread "DestroyJavaVM" [_thread_blocked, id=250884, stack(0x000000a072b00000,0x000000a072c00000)]
  0x0000026b96d33800 JavaThread "TimerQueue" daemon [_thread_blocked, id=269512, stack(0x000000a073e00000,0x000000a073f00000)]
  0x0000026b96d33000 JavaThread "AWT-EventQueue-0" [_thread_in_native, id=269840, stack(0x000000a073c00000,0x000000a073d00000)]
  0x0000026b96d31800 JavaThread "AWT-Shutdown" [_thread_blocked, id=269532, stack(0x000000a072900000,0x000000a072a00000)]
  0x0000026b96d34800 JavaThread "AWT-Windows" daemon [_thread_in_native, id=269732, stack(0x000000a073d00000,0x000000a073e00000)]
  0x0000026b96d32000 JavaThread "Java2D Disposer" daemon [_thread_blocked, id=269720, stack(0x000000a073a00000,0x000000a073b00000)]
  0x0000026b95e92800 JavaThread "Service Thread" daemon [_thread_blocked, id=269232, stack(0x000000a073800000,0x000000a073900000)]
  0x0000026b95e51000 JavaThread "C1 CompilerThread1" daemon [_thread_blocked, id=269184, stack(0x000000a073700000,0x000000a073800000)]
=>0x0000026b95dc3000 JavaThread "C2 CompilerThread0" daemon [_thread_in_native, id=268700, stack(0x000000a073600000,0x000000a073700000)]
  0x0000026b946b2000 JavaThread "JDWP Command Reader" daemon [_thread_in_native, id=268116, stack(0x000000a073500000,0x000000a073600000)]
  0x0000026b946b1000 JavaThread "JDWP Event Helper Thread" daemon [_thread_blocked, id=269228, stack(0x000000a073400000,0x000000a073500000)]
  0x0000026b946ae800 JavaThread "JDWP Transport Listener: dt_socket" daemon [_thread_blocked, id=238640, stack(0x000000a073300000,0x000000a073400000)]
  0x0000026b94685000 JavaThread "Attach Listener" daemon [_thread_blocked, id=267112, stack(0x000000a073200000,0x000000a073300000)]
  0x0000026b94684000 JavaThread "Signal Dispatcher" daemon [_thread_blocked, id=266284, stack(0x000000a073100000,0x000000a073200000)]
  0x0000026b94671000 JavaThread "Finalizer" daemon [_thread_blocked, id=266608, stack(0x000000a073000000,0x000000a073100000)]
  0x0000026bfe13c000 JavaThread "Reference Handler" daemon [_thread_blocked, id=264760, stack(0x000000a072f00000,0x000000a073000000)]

Other Threads:
  0x0000026bfe131800 VMThread [stack: 0x000000a072e00000,0x000000a072f00000] [id=262212]
  0x0000026b95ebf000 WatcherThread [stack: 0x000000a073900000,0x000000a073a00000] [id=268536]

VM state:not at safepoint (normal execution)

VM Mutex/Monitor currently owned by a thread: None

heap address: 0x0000000080000000, size: 2048 MB, Compressed Oops mode: 32-bit
Narrow klass base: 0x0000000000000000, Narrow klass shift: 3
Compressed class space size: 1073741824 Address: 0x0000000100000000

Heap:
 PSYoungGen      total 465920K, used 155225K [0x00000000d5580000, 0x0000000100000000, 0x0000000100000000)
  eden space 232960K, 66% used [0x00000000d5580000,0x00000000ded16628,0x00000000e3900000)
  from space 232960K, 0% used [0x00000000e3900000,0x00000000e3900000,0x00000000f1c80000)
  to   space 232960K, 0% used [0x00000000f1c80000,0x00000000f1c80000,0x0000000100000000)
 ParOldGen       total 1046016K, used 1008464K [0x0000000080000000, 0x00000000bfd80000, 0x00000000d5580000)
  object space 1046016K, 96% used [0x0000000080000000,0x00000000bd8d43f0,0x00000000bfd80000)
 Metaspace       used 41382K, capacity 41646K, committed 42240K, reserved 1085440K
  class space    used 6223K, capacity 6320K, committed 6400K, reserved 1048576K

Card table byte_map: [0x0000026b8f3c0000,0x0000026b8f7d0000] byte_map_base: 0x0000026b8efc0000

Marking Bits: (ParMarkBitMap*) 0x000000005ae66ff0
 Begin Bits: [0x0000026b8f7d0000, 0x0000026b917d0000)
 End Bits:   [0x0000026b917d0000, 0x0000026b937d0000)

Polling page: 0x0000026bfe230000

CodeCache: size=245760Kb used=20876Kb max_used=20876Kb free=224883Kb
 bounds [0x0000026b80000000, 0x0000026b81490000, 0x0000026b8f000000]
 total_blobs=5915 nmethods=5252 adapters=579
 compilation: enabled

Compilation events (10 events):
Event: 847.013 Thread 0x0000026b95e51000 6561       2       javax.swing.JButton::updateUI (12 bytes)
Event: 847.013 Thread 0x0000026b95e51000 nmethod 6561 0x0000026b81350090 code [0x0000026b81350200, 0x0000026b813503e0]
Event: 847.013 Thread 0x0000026b95e51000 6562       2       javax.swing.plaf.metal.MetalButtonUI::createUI (38 bytes)
Event: 847.014 Thread 0x0000026b95e51000 nmethod 6562 0x0000026b8134fb10 code [0x0000026b8134fca0, 0x0000026b8134ff10]
Event: 847.113 Thread 0x0000026b95e51000 6563       2       javax.swing.text.StyleContext::getStyle (14 bytes)
Event: 847.113 Thread 0x0000026b95e51000 nmethod 6563 0x0000026b808314d0 code [0x0000026b80831640, 0x0000026b80831830]
Event: 847.115 Thread 0x0000026b95e51000 6564       2       javax.swing.JComponent::clientPropertyChanged (1 bytes)
Event: 847.115 Thread 0x0000026b95e51000 nmethod 6564 0x0000026b80eed290 code [0x0000026b80eed3e0, 0x0000026b80eed538]
Event: 847.131 Thread 0x0000026b95e51000 6565  s    2       java.awt.Component::addKeyListener (43 bytes)
Event: 847.236 Thread 0x0000026b95e51000 nmethod 6565 0x0000026b80830c90 code [0x0000026b80830e00, 0x0000026b80831310]

GC Heap History (10 events):
Event: 770.717 GC heap before
{Heap before GC invocations=92 (full 11):
 PSYoungGen      total 465920K, used 138634K [0x00000000d5580000, 0x0000000100000000, 0x0000000100000000)
  eden space 232960K, 0% used [0x00000000d5580000,0x00000000d5580000,0x00000000e3900000)
  from space 232960K, 59% used [0x00000000e3900000,0x00000000ec062948,0x00000000f1c80000)
  to   space 232960K, 0% used [0x00000000f1c80000,0x00000000f1c80000,0x0000000100000000)
 ParOldGen       total 1046016K, used 1006345K [0x0000000080000000, 0x00000000bfd80000, 0x00000000d5580000)
  object space 1046016K, 96% used [0x0000000080000000,0x00000000bd6c2698,0x00000000bfd80000)
 Metaspace       used 41266K, capacity 41582K, committed 42240K, reserved 1085440K
  class space    used 6218K, capacity 6320K, committed 6400K, reserved 1048576K
Event: 778.022 GC heap after
Heap after GC invocations=92 (full 11):
 PSYoungGen      total 465920K, used 0K [0x00000000d5580000, 0x0000000100000000, 0x0000000100000000)
  eden space 232960K, 0% used [0x00000000d5580000,0x00000000d5580000,0x00000000e3900000)
  from space 232960K, 0% used [0x00000000e3900000,0x00000000e3900000,0x00000000f1c80000)
  to   space 232960K, 0% used [0x00000000f1c80000,0x00000000f1c80000,0x0000000100000000)
 ParOldGen       total 1046016K, used 1030430K [0x0000000080000000, 0x00000000bfd80000, 0x00000000d5580000)
  object space 1046016K, 98% used [0x0000000080000000,0x00000000bee47af8,0x00000000bfd80000)
 Metaspace       used 41266K, capacity 41582K, committed 42240K, reserved 1085440K
  class space    used 6218K, capacity 6320K, committed 6400K, reserved 1048576K
}
Event: 787.503 GC heap before
{Heap before GC invocations=93 (full 12):
 PSYoungGen      total 465920K, used 232960K [0x00000000d5580000, 0x0000000100000000, 0x0000000100000000)
  eden space 232960K, 100% used [0x00000000d5580000,0x00000000e3900000,0x00000000e3900000)
  from space 232960K, 0% used [0x00000000e3900000,0x00000000e3900000,0x00000000f1c80000)
  to   space 232960K, 0% used [0x00000000f1c80000,0x00000000f1c80000,0x0000000100000000)
 ParOldGen       total 1046016K, used 1030430K [0x0000000080000000, 0x00000000bfd80000, 0x00000000d5580000)
  object space 1046016K, 98% used [0x0000000080000000,0x00000000bee47af8,0x00000000bfd80000)
 Metaspace       used 41266K, capacity 41582K, committed 42240K, reserved 1085440K
  class space    used 6218K, capacity 6320K, committed 6400K, reserved 1048576K
Event: 794.763 GC heap after
Heap after GC invocations=93 (full 12):
 PSYoungGen      total 465920K, used 0K [0x00000000d5580000, 0x0000000100000000, 0x0000000100000000)
  eden space 232960K, 0% used [0x00000000d5580000,0x00000000d5580000,0x00000000e3900000)
  from space 232960K, 0% used [0x00000000e3900000,0x00000000e3900000,0x00000000f1c80000)
  to   space 232960K, 0% used [0x00000000f1c80000,0x00000000f1c80000,0x0000000100000000)
 ParOldGen       total 1046016K, used 1045144K [0x0000000080000000, 0x00000000bfd80000, 0x00000000d5580000)
  object space 1046016K, 99% used [0x0000000080000000,0x00000000bfca6258,0x00000000bfd80000)
 Metaspace       used 41266K, capacity 41582K, committed 42240K, reserved 1085440K
  class space    used 6218K, capacity 6320K, committed 6400K, reserved 1048576K
}
Event: 799.581 GC heap before
{Heap before GC invocations=94 (full 13):
 PSYoungGen      total 465920K, used 232960K [0x00000000d5580000, 0x0000000100000000, 0x0000000100000000)
  eden space 232960K, 100% used [0x00000000d5580000,0x00000000e3900000,0x00000000e3900000)
  from space 232960K, 0% used [0x00000000e3900000,0x00000000e3900000,0x00000000f1c80000)
  to   space 232960K, 0% used [0x00000000f1c80000,0x00000000f1c80000,0x0000000100000000)
 ParOldGen       total 1046016K, used 1045144K [0x0000000080000000, 0x00000000bfd80000, 0x00000000d5580000)
  object space 1046016K, 99% used [0x0000000080000000,0x00000000bfca6258,0x00000000bfd80000)
 Metaspace       used 41266K, capacity 41582K, committed 42240K, reserved 1085440K
  class space    used 6218K, capacity 6320K, committed 6400K, reserved 1048576K
Event: 803.588 GC heap after
Heap after GC invocations=94 (full 13):
 PSYoungGen      total 465920K, used 0K [0x00000000d5580000, 0x0000000100000000, 0x0000000100000000)
  eden space 232960K, 0% used [0x00000000d5580000,0x00000000d5580000,0x00000000e3900000)
  from space 232960K, 0% used [0x00000000e3900000,0x00000000e3900000,0x00000000f1c80000)
  to   space 232960K, 0% used [0x00000000f1c80000,0x00000000f1c80000,0x0000000100000000)
 ParOldGen       total 1046016K, used 1039545K [0x0000000080000000, 0x00000000bfd80000, 0x00000000d5580000)
  object space 1046016K, 99% used [0x0000000080000000,0x00000000bf72e440,0x00000000bfd80000)
 Metaspace       used 41266K, capacity 41582K, committed 42240K, reserved 1085440K
  class space    used 6218K, capacity 6320K, committed 6400K, reserved 1048576K
}
Event: 811.611 GC heap before
{Heap before GC invocations=95 (full 14):
 PSYoungGen      total 465920K, used 232960K [0x00000000d5580000, 0x0000000100000000, 0x0000000100000000)
  eden space 232960K, 100% used [0x00000000d5580000,0x00000000e3900000,0x00000000e3900000)
  from space 232960K, 0% used [0x00000000e3900000,0x00000000e3900000,0x00000000f1c80000)
  to   space 232960K, 0% used [0x00000000f1c80000,0x00000000f1c80000,0x0000000100000000)
 ParOldGen       total 1046016K, used 1039545K [0x0000000080000000, 0x00000000bfd80000, 0x00000000d5580000)
  object space 1046016K, 99% used [0x0000000080000000,0x00000000bf72e440,0x00000000bfd80000)
 Metaspace       used 41266K, capacity 41582K, committed 42240K, reserved 1085440K
  class space    used 6218K, capacity 6320K, committed 6400K, reserved 1048576K
Event: 826.572 GC heap after
Heap after GC invocations=95 (full 14):
 PSYoungGen      total 465920K, used 66937K [0x00000000d5580000, 0x0000000100000000, 0x0000000100000000)
  eden space 232960K, 28% used [0x00000000d5580000,0x00000000d96de490,0x00000000e3900000)
  from space 232960K, 0% used [0x00000000e3900000,0x00000000e3900000,0x00000000f1c80000)
  to   space 232960K, 0% used [0x00000000f1c80000,0x00000000f1c80000,0x0000000100000000)
 ParOldGen       total 1046016K, used 1042276K [0x0000000080000000, 0x00000000bfd80000, 0x00000000d5580000)
  object space 1046016K, 99% used [0x0000000080000000,0x00000000bf9d9040,0x00000000bfd80000)
 Metaspace       used 41266K, capacity 41582K, committed 42240K, reserved 1085440K
  class space    used 6218K, capacity 6320K, committed 6400K, reserved 1048576K
}
Event: 833.899 GC heap before
{Heap before GC invocations=96 (full 15):
 PSYoungGen      total 465920K, used 232960K [0x00000000d5580000, 0x0000000100000000, 0x0000000100000000)
  eden space 232960K, 100% used [0x00000000d5580000,0x00000000e3900000,0x00000000e3900000)
  from space 232960K, 0% used [0x00000000e3900000,0x00000000e3900000,0x00000000f1c80000)
  to   space 232960K, 0% used [0x00000000f1c80000,0x00000000f1c80000,0x0000000100000000)
 ParOldGen       total 1046016K, used 1042276K [0x0000000080000000, 0x00000000bfd80000, 0x00000000d5580000)
  object space 1046016K, 99% used [0x0000000080000000,0x00000000bf9d9040,0x00000000bfd80000)
 Metaspace       used 41266K, capacity 41582K, committed 42240K, reserved 1085440K
  class space    used 6218K, capacity 6320K, committed 6400K, reserved 1048576K
Event: 842.024 GC heap after
Heap after GC invocations=96 (full 15):
 PSYoungGen      total 465920K, used 78605K [0x00000000d5580000, 0x0000000100000000, 0x0000000100000000)
  eden space 232960K, 33% used [0x00000000d5580000,0x00000000da2437c8,0x00000000e3900000)
  from space 232960K, 0% used [0x00000000e3900000,0x00000000e3900000,0x00000000f1c80000)
  to   space 232960K, 0% used [0x00000000f1c80000,0x00000000f1c80000,0x0000000100000000)
 ParOldGen       total 1046016K, used 1008464K [0x0000000080000000, 0x00000000bfd80000, 0x00000000d5580000)
  object space 1046016K, 96% used [0x0000000080000000,0x00000000bd8d43f0,0x00000000bfd80000)
 Metaspace       used 41266K, capacity 41582K, committed 42240K, reserved 1085440K
  class space    used 6218K, capacity 6320K, committed 6400K, reserved 1048576K
}

Deoptimization events (10 events):
Event: 845.281 Thread 0x0000026b9696a800 Uncommon trap: reason=unhandled action=none pc=0x0000026b807272f4 method=java.net.URLClassLoader.findClass(Ljava/lang/String;)Ljava/lang/Class; @ 44
Event: 845.390 Thread 0x0000026b9696a800 Uncommon trap: reason=unhandled action=none pc=0x0000026b807272f4 method=java.net.URLClassLoader.findClass(Ljava/lang/String;)Ljava/lang/Class; @ 44
Event: 845.428 Thread 0x0000026b9696a800 Uncommon trap: reason=unhandled action=none pc=0x0000026b807272f4 method=java.net.URLClassLoader.findClass(Ljava/lang/String;)Ljava/lang/Class; @ 44
Event: 845.448 Thread 0x0000026b9696a800 Uncommon trap: reason=unhandled action=none pc=0x0000026b807272f4 method=java.net.URLClassLoader.findClass(Ljava/lang/String;)Ljava/lang/Class; @ 44
Event: 845.456 Thread 0x0000026b9696a800 Uncommon trap: reason=unhandled action=none pc=0x0000026b807272f4 method=java.net.URLClassLoader.findClass(Ljava/lang/String;)Ljava/lang/Class; @ 44
Event: 845.461 Thread 0x0000026b9696a800 Uncommon trap: reason=unhandled action=none pc=0x0000026b807272f4 method=java.net.URLClassLoader.findClass(Ljava/lang/String;)Ljava/lang/Class; @ 44
Event: 845.462 Thread 0x0000026b9696a800 Uncommon trap: reason=unhandled action=none pc=0x0000026b807272f4 method=java.net.URLClassLoader.findClass(Ljava/lang/String;)Ljava/lang/Class; @ 44
Event: 845.492 Thread 0x0000026b9696a800 Uncommon trap: reason=unhandled action=none pc=0x0000026b807272f4 method=java.net.URLClassLoader.findClass(Ljava/lang/String;)Ljava/lang/Class; @ 44
Event: 845.534 Thread 0x0000026b9696a800 Uncommon trap: reason=unhandled action=none pc=0x0000026b807272f4 method=java.net.URLClassLoader.findClass(Ljava/lang/String;)Ljava/lang/Class; @ 44
Event: 846.381 Thread 0x0000026b9696a800 Uncommon trap: reason=unstable_if action=reinterpret pc=0x0000026b8136aeb8 method=org.processmining.plugins.petrinet.replayresult.PNRepResultImpl$1.compare(Lorg/processmining/plugins/replayer/replayresult/SyncReplayResult;Lorg/processmining/plugins/replay

Classes redefined (0 events):
No events

Internal exceptions (10 events):
Event: 77.636 Thread 0x0000026bfe0b1800 Implicit null exception at 0x0000026b80baf3f7 to 0x0000026b80baf544
Event: 77.636 Thread 0x0000026bfe0b1800 Implicit null exception at 0x0000026b80bb497e to 0x0000026b80bb4a53
Event: 78.345 Thread 0x0000026bfe0b1800 Implicit null exception at 0x0000026b801c0f59 to 0x0000026b801c1441
Event: 78.345 Thread 0x0000026bfe0b1800 Implicit null exception at 0x0000026b8017ce96 to 0x0000026b8017d341
Event: 95.331 Thread 0x0000026b96d33000 Implicit null exception at 0x0000026b80a96cdf to 0x0000026b80a9b475
Event: 95.336 Thread 0x0000026b96d33000 Implicit null exception at 0x0000026b80a8acff to 0x0000026b80a9037d
Event: 145.818 Thread 0x0000026b96d33000 Implicit null exception at 0x0000026b80eef7a5 to 0x0000026b80f0bbe9
Event: 152.711 Thread 0x0000026b96968800 Implicit null exception at 0x0000026b806a7f7d to 0x0000026b806ad84d
Event: 228.286 Thread 0x0000026b9696a800 Implicit null exception at 0x0000026b80c2dce2 to 0x0000026b80c2e4d1
Event: 228.290 Thread 0x0000026b9696a800 Implicit null exception at 0x0000026b80340190 to 0x0000026b80340af4

Events (10 events):
Event: 846.962 Executing VM operation: GetOwnedMonitorInfo
Event: 846.962 Executing VM operation: GetOwnedMonitorInfo done
Event: 846.963 Executing VM operation: GetCurrentContendedMonitor
Event: 846.963 Executing VM operation: GetCurrentContendedMonitor done
Event: 847.150 Executing VM operation: GetCurrentContendedMonitor
Event: 847.236 Executing VM operation: GetCurrentContendedMonitor done
Event: 847.581 Executing VM operation: GetOwnedMonitorInfo
Event: 847.582 Executing VM operation: GetOwnedMonitorInfo done
Event: 848.073 Executing VM operation: GetOrSetLocal
Event: 848.079 Executing VM operation: GetOrSetLocal done


Dynamic libraries:
0x00007ff710da0000 - 0x00007ff710de7000 	C:\Program Files\Java\jre1.8.0_281\bin\javaw.exe
0x00007ffc2b9f0000 - 0x00007ffc2bbe6000 	C:\WINDOWS\SYSTEM32\ntdll.dll
0x00007ffc29d50000 - 0x00007ffc29e0d000 	C:\WINDOWS\System32\KERNEL32.DLL
0x00007ffc291b0000 - 0x00007ffc29479000 	C:\WINDOWS\System32\KERNELBASE.dll
0x00007ffc2b520000 - 0x00007ffc2b5cc000 	C:\WINDOWS\System32\ADVAPI32.dll
0x00007ffc29cb0000 - 0x00007ffc29d4e000 	C:\WINDOWS\System32\msvcrt.dll
0x00007ffc2b660000 - 0x00007ffc2b6fc000 	C:\WINDOWS\System32\sechost.dll
0x00007ffc29b80000 - 0x00007ffc29cab000 	C:\WINDOWS\System32\RPCRT4.dll
0x00007ffc2a4e0000 - 0x00007ffc2a680000 	C:\WINDOWS\System32\USER32.dll
0x00007ffc29870000 - 0x00007ffc29892000 	C:\WINDOWS\System32\win32u.dll
0x00007ffc2b400000 - 0x00007ffc2b42a000 	C:\WINDOWS\System32\GDI32.dll
0x00007ffc296c0000 - 0x00007ffc297cb000 	C:\WINDOWS\System32\gdi32full.dll
0x00007ffc297d0000 - 0x00007ffc2986d000 	C:\WINDOWS\System32\msvcp_win.dll
0x00007ffc29900000 - 0x00007ffc29a00000 	C:\WINDOWS\System32\ucrtbase.dll
0x00007ffc17450000 - 0x00007ffc176eb000 	C:\WINDOWS\WinSxS\amd64_microsoft.windows.common-controls_6595b64144ccf1df_6.0.19041.746_none_ca02b4b61b8320a4\COMCTL32.dll
0x00007ffc2b980000 - 0x00007ffc2b9b0000 	C:\WINDOWS\System32\IMM32.DLL
0x00007ffc06580000 - 0x00007ffc06624000 	C:\Program Files\McAfee\Endpoint Security\Threat Prevention\Ips\EpMPApi.dll
0x00007ffc298a0000 - 0x00007ffc29900000 	C:\WINDOWS\System32\WINTRUST.dll
0x00007ffc29480000 - 0x00007ffc295d6000 	C:\WINDOWS\System32\CRYPT32.dll
0x00007ffc28c40000 - 0x00007ffc28c52000 	C:\WINDOWS\SYSTEM32\MSASN1.dll
0x000000005b200000 - 0x000000005b20c000 	C:\Program Files\McAfee\Endpoint Security\Threat Prevention\Ips\EpMPThe.dll
0x00007ffc1df80000 - 0x00007ffc1df95000 	C:\Program Files\Java\jre1.8.0_281\bin\vcruntime140.dll
0x00007ffc11870000 - 0x00007ffc1190b000 	C:\Program Files\Java\jre1.8.0_281\bin\msvcp140.dll
0x000000005a680000 - 0x000000005aedf000 	C:\Program Files\Java\jre1.8.0_281\bin\server\jvm.dll
0x00007ffc2a680000 - 0x00007ffc2a688000 	C:\WINDOWS\System32\PSAPI.DLL
0x00007ffc1f740000 - 0x00007ffc1f749000 	C:\WINDOWS\SYSTEM32\WSOCK32.dll
0x00007ffc2b910000 - 0x00007ffc2b97b000 	C:\WINDOWS\System32\WS2_32.dll
0x00007ffc201c0000 - 0x00007ffc201e7000 	C:\WINDOWS\SYSTEM32\WINMM.dll
0x00007ffc201b0000 - 0x00007ffc201ba000 	C:\WINDOWS\SYSTEM32\VERSION.dll
0x00007ffc26f90000 - 0x00007ffc26fa2000 	C:\WINDOWS\SYSTEM32\kernel.appcore.dll
0x00007ffc21d80000 - 0x00007ffc21d90000 	C:\Program Files\Java\jre1.8.0_281\bin\verify.dll
0x00007ffc1e0d0000 - 0x00007ffc1e0fb000 	C:\Program Files\Java\jre1.8.0_281\bin\java.dll
0x00007ffc11aa0000 - 0x00007ffc11ad6000 	C:\Program Files\Java\jre1.8.0_281\bin\jdwp.dll
0x00007ffc26720000 - 0x00007ffc26729000 	C:\Program Files\Java\jre1.8.0_281\bin\npt.dll
0x00007ffc1de70000 - 0x00007ffc1dea0000 	C:\Program Files\Java\jre1.8.0_281\bin\instrument.dll
0x00007ffc21610000 - 0x00007ffc21628000 	C:\Program Files\Java\jre1.8.0_281\bin\zip.dll
0x00007ffc2a950000 - 0x00007ffc2b093000 	C:\WINDOWS\System32\SHELL32.dll
0x00007ffc27190000 - 0x00007ffc2791f000 	C:\WINDOWS\SYSTEM32\windows.storage.dll
0x00007ffc2b0a0000 - 0x00007ffc2b3f6000 	C:\WINDOWS\System32\combase.dll
0x00007ffc28ac0000 - 0x00007ffc28aec000 	C:\WINDOWS\SYSTEM32\Wldp.dll
0x00007ffc2a8a0000 - 0x00007ffc2a94e000 	C:\WINDOWS\System32\SHCORE.dll
0x00007ffc2b8b0000 - 0x00007ffc2b905000 	C:\WINDOWS\System32\shlwapi.dll
0x00007ffc29060000 - 0x00007ffc29086000 	C:\WINDOWS\SYSTEM32\profapi.dll
0x00007ffc24bd0000 - 0x00007ffc24bda000 	C:\Program Files\Java\jre1.8.0_281\bin\dt_socket.dll
0x00007ffc0e4b0000 - 0x00007ffc0e4c7000 	C:\WINDOWS\system32\napinsp.dll
0x00007ffc29130000 - 0x00007ffc291b0000 	C:\WINDOWS\System32\bcryptPrimitives.dll
0x00007ffc0e3e0000 - 0x00007ffc0e3fb000 	C:\WINDOWS\system32\pnrpnsp.dll
0x00007ffc23730000 - 0x00007ffc23745000 	C:\WINDOWS\system32\wshbth.dll
0x00007ffc21550000 - 0x00007ffc2156d000 	C:\WINDOWS\system32\NLAapi.dll
0x00007ffc28530000 - 0x00007ffc2856b000 	C:\WINDOWS\SYSTEM32\IPHLPAPI.DLL
0x00007ffc28840000 - 0x00007ffc288aa000 	C:\WINDOWS\System32\mswsock.dll
0x00007ffc28570000 - 0x00007ffc2863b000 	C:\WINDOWS\SYSTEM32\DNSAPI.dll
0x00007ffc2b630000 - 0x00007ffc2b638000 	C:\WINDOWS\System32\NSI.dll
0x00007ffc0e3c0000 - 0x00007ffc0e3d2000 	C:\WINDOWS\System32\winrnr.dll
0x00007ffc19fa0000 - 0x00007ffc1a01f000 	C:\WINDOWS\System32\fwpuclnt.dll
0x00007ffc295e0000 - 0x00007ffc29607000 	C:\WINDOWS\System32\bcrypt.dll
0x00007ffc1ac70000 - 0x00007ffc1ac7a000 	C:\Windows\System32\rasadhlp.dll
0x00007ffc212a0000 - 0x00007ffc212bc000 	C:\Program Files\Java\jre1.8.0_281\bin\net.dll
0x00007ffc04c10000 - 0x00007ffc04da5000 	C:\Program Files\Java\jre1.8.0_281\bin\awt.dll
0x00007ffc29ab0000 - 0x00007ffc29b7d000 	C:\WINDOWS\System32\OLEAUT32.dll
0x00007ffc26940000 - 0x00007ffc269d0000 	C:\WINDOWS\SYSTEM32\apphelp.dll
0x00007ffc28a10000 - 0x00007ffc28a28000 	C:\WINDOWS\SYSTEM32\CRYPTSP.dll
0x00007ffc280e0000 - 0x00007ffc28114000 	C:\WINDOWS\system32\rsaenh.dll
0x00007ffc29020000 - 0x00007ffc2904e000 	C:\WINDOWS\SYSTEM32\USERENV.dll
0x00007ffc28a30000 - 0x00007ffc28a3c000 	C:\WINDOWS\SYSTEM32\CRYPTBASE.dll
0x00007ffc1fec0000 - 0x00007ffc1fed7000 	C:\WINDOWS\SYSTEM32\dhcpcsvc6.DLL
0x00007ffc1fce0000 - 0x00007ffc1fcfd000 	C:\WINDOWS\SYSTEM32\dhcpcsvc.DLL
0x00007ffc20a80000 - 0x00007ffc20a93000 	C:\Program Files\Java\jre1.8.0_281\bin\nio.dll
0x00007ffc26ab0000 - 0x00007ffc26b4e000 	C:\WINDOWS\system32\uxtheme.dll
0x00007ffc2a290000 - 0x00007ffc2a3a6000 	C:\WINDOWS\System32\MSCTF.dll
0x00007ffc2a770000 - 0x00007ffc2a89a000 	C:\WINDOWS\System32\ole32.dll
0x00007ffc26ca0000 - 0x00007ffc26ccf000 	C:\WINDOWS\system32\DWMAPI.DLL
0x00007ffc21d30000 - 0x00007ffc21d62000 	C:\Program Files\Java\jre1.8.0_281\bin\jpeg.dll
0x00007ffc0d750000 - 0x00007ffc0d875000 	C:\WINDOWS\system32\opengl32.dll
0x00007ffc170f0000 - 0x00007ffc1711c000 	C:\WINDOWS\SYSTEM32\GLU32.dll
0x00007ffc040b0000 - 0x00007ffc0427f000 	C:\WINDOWS\system32\d3d9.dll
0x00007ffc209e0000 - 0x00007ffc20a0d000 	C:\WINDOWS\SYSTEM32\vm3dum64_loader.dll
0x00007ffc03dc0000 - 0x00007ffc03e3a000 	C:\WINDOWS\system32\vm3dum64.dll
0x00007ffc135a0000 - 0x00007ffc135ca000 	C:\Program Files\Java\jre1.8.0_281\bin\dcpr.dll
0x00007ffc0e8c0000 - 0x00007ffc0e909000 	C:\Program Files\Java\jre1.8.0_281\bin\fontmanager.dll
0x00007ffc0e870000 - 0x00007ffc0e8b3000 	C:\Program Files\Java\jre1.8.0_281\bin\t2k.dll
0x00007ffc0da00000 - 0x00007ffc0da3f000 	C:\Program Files\Java\jre1.8.0_281\bin\lcms.dll
0x00007ffc2a3b0000 - 0x00007ffc2a459000 	C:\WINDOWS\System32\clbcatq.dll
0x00007ffc238e0000 - 0x00007ffc23a94000 	C:\WINDOWS\SYSTEM32\WindowsCodecs.dll
0x00007ffbfe650000 - 0x00007ffbfe68e000 	C:\WINDOWS\system32\dataexchange.dll
0x00007ffc253b0000 - 0x00007ffc25614000 	C:\WINDOWS\system32\d3d11.dll
0x00007ffc25d20000 - 0x00007ffc25f07000 	C:\WINDOWS\system32\dcomp.dll
0x00007ffc27980000 - 0x00007ffc27a73000 	C:\WINDOWS\system32\dxgi.dll
0x00007ffc23b30000 - 0x00007ffc23d31000 	C:\WINDOWS\system32\twinapi.appcore.dll
0x00007ffc1cbd0000 - 0x00007ffc1cccb000 	C:\WINDOWS\SYSTEM32\textinputframework.dll
0x00007ffc25f10000 - 0x00007ffc2626e000 	C:\WINDOWS\System32\CoreUIComponents.dll
0x00007ffc267d0000 - 0x00007ffc268c2000 	C:\WINDOWS\System32\CoreMessaging.dll
0x00007ffc27e00000 - 0x00007ffc27e33000 	C:\WINDOWS\SYSTEM32\ntmarta.dll
0x00007ffc24df0000 - 0x00007ffc24f44000 	C:\WINDOWS\SYSTEM32\wintypes.dll
0x00007ffc181c0000 - 0x00007ffc18270000 	C:\WINDOWS\WinSxS\amd64_microsoft.windows.common-controls_6595b64144ccf1df_5.82.19041.488_none_4238de57f6b64d28\comctl32.dll
0x00007ffc29a00000 - 0x00007ffc29a4e000 	C:\WINDOWS\System32\CFGMGR32.dll
0x00007ffc245e0000 - 0x00007ffc246d7000 	C:\WINDOWS\system32\propsys.dll
0x00007ffc0b250000 - 0x00007ffc0b267000 	C:\WINDOWS\system32\NetworkExplorer.dll
0x00007ffc18bf0000 - 0x00007ffc18c0d000 	C:\WINDOWS\SYSTEM32\MPR.dll
0x00007ffc21d70000 - 0x00007ffc21d7b000 	C:\WINDOWS\System32\drprov.dll
0x00007ffc28e60000 - 0x00007ffc28eba000 	C:\WINDOWS\System32\WINSTA.dll
0x00007ffc1d0c0000 - 0x00007ffc1d0d8000 	C:\WINDOWS\System32\ntlanman.dll
0x00007ffc17270000 - 0x00007ffc1728e000 	C:\WINDOWS\System32\davclnt.dll
0x00007ffc219e0000 - 0x00007ffc219ed000 	C:\WINDOWS\System32\DAVHLPR.dll
0x00007ffc28300000 - 0x00007ffc28317000 	C:\WINDOWS\System32\wkscli.dll
0x00007ffc0e7a0000 - 0x00007ffc0e7b2000 	C:\WINDOWS\SYSTEM32\cscapi.dll
0x00007ffc28640000 - 0x00007ffc2864c000 	C:\WINDOWS\System32\netutils.dll
0x00007ffc08a80000 - 0x00007ffc08ad8000 	C:\Windows\System32\dlnashext.dll
0x00007ffc09500000 - 0x00007ffc09564000 	C:\Windows\System32\PlayToDevice.dll
0x00007ffc1e150000 - 0x00007ffc1e170000 	C:\Windows\System32\DevDispItemProvider.dll
0x00007ffc1faa0000 - 0x00007ffc1fb25000 	C:\WINDOWS\System32\MMDevApi.dll
0x00007ffc28e00000 - 0x00007ffc28e2c000 	C:\WINDOWS\System32\DEVOBJ.dll
0x00007ffc0b390000 - 0x00007ffc0b433000 	C:\WINDOWS\system32\wpdshext.dll
0x00007ffc0b9a0000 - 0x00007ffc0bb46000 	C:\WINDOWS\WinSxS\amd64_microsoft.windows.gdiplus_6595b64144ccf1df_1.1.19041.746_none_faeda79b76159a72\gdiplus.dll
0x00007ffc20af0000 - 0x00007ffc20b93000 	C:\Windows\System32\PortableDeviceApi.dll
0x00007ffc29e20000 - 0x00007ffc2a287000 	C:\WINDOWS\System32\SETUPAPI.dll
0x00007ffbfc500000 - 0x00007ffbfc537000 	C:\Windows\System32\EhStorShell.dll
0x00007ffc0d8c0000 - 0x00007ffc0d8e6000 	C:\Windows\System32\EhStorAPI.dll
0x00007ffc24dd0000 - 0x00007ffc24de4000 	C:\Windows\System32\WTSAPI32.dll
0x00007ffc00870000 - 0x00007ffc0087d000 	C:\WINDOWS\SYSTEM32\LINKINFO.dll
0x00007ffc1b2f0000 - 0x00007ffc1b4dd000 	C:\WINDOWS\SYSTEM32\urlmon.dll
0x00007ffc1b620000 - 0x00007ffc1b8d0000 	C:\WINDOWS\SYSTEM32\iertutil.dll
0x0000000180000000 - 0x000000018009e000 	C:\Users\I519745\.ProM\packages\lpsolve-5.5.4\lib\win64\lpsolve55.dll
0x0000026b9ed40000 - 0x0000026b9ed65000 	C:\Users\I519745\.ProM\packages\lpsolve-5.5.4\lib\win64\lpsolve55j.dll
0x00007ffc20260000 - 0x00007ffc20444000 	C:\WINDOWS\SYSTEM32\dbghelp.dll

VM Arguments:
jvm_args: -agentlib:jdwp=transport=dt_socket,suspend=y,address=localhost:60425 -ea -Xmx2G -Djava.library.path=.lib -javaagent:C:\Users\I519745\.eclipse\eclipse\configuration\org.eclipse.osgi\222\0\.cp\lib\javaagent-shaded.jar -Dfile.encoding=Cp1252 
java_command: org.processmining.contexts.uitopia.UI
java_class_path (initial): C:\Users\I519745\eclipse-workspace\Prom Workshop\tests\bin-test;C:\Users\I519745\eclipse-workspace\Prom Workshop\bin;C:\Users\I519745\.ivy2\cache\prom\ProM-Plugins\jars\ProM-Plugins-latest.jar;C:\Users\I519745\.ivy2\cache\prom\ProM-Contexts\jars\ProM-Contexts-latest.jar;C:\Users\I519745\.ivy2\cache\prom-libs\guava\jars\guava-16.0.1.jar;C:\Users\I519745\.ivy2\cache\junit\junit\jars\junit-4.12.jar;C:\Users\I519745\.ivy2\cache\prom-libs\bsh\jars\bsh-2.0b4.jar;C:\Users\I519745\.ivy2\cache\prom-libs\Spex\jars\Spex-1.1.jar;C:\Users\I519745\.ivy2\cache\prom-libs\Uitopia\jars\Uitopia-0.6-20190913.jar;C:\Users\I519745\.ivy2\cache\prom-libs\UITopiaResources\jars\UITopiaResources-0.6-20190913.jar;C:\Users\I519745\.ivy2\cache\prom\ProM-Framework\jars\ProM-Framework-latest.jar;C:\Users\I519745\.ivy2\cache\org.apache.commons\commons-compress\jars\commons-compress-1.13.jar;C:\Users\I519745\.ivy2\cache\commons-logging\commons-logging\jars\commons-logging-1.1.3.jar;C:\Users\I519745\.ivy2\cache\prom-libs\jgraph\jars\jgraph-5.13.0.4.jar;C:\Users\I519745\.ivy2\cache\com.brsanthu\google-analytics-java\jars\google-analytics-java-1.1.2.jar;C:\Users\I519745\.ivy2\cache\org.apache.httpcomponents\httpclient\jars\httpclient-4.5.3.jar;C:\Users\I519745\.ivy2\cache\org.apache.httpcomponents\httpcore\jars\httpcore-4.4.6.jar;C:\Users\I519745\.ivy2\cache\org.apache.logging.log4j\log4j-api\jars\log4j-api-2.8.1.jar;C:\Users\I519745\.ivy2\cache\org.apache.logging.log4j\log4j-core\jars\log4j-core-2.8.1.jar;C:\Users\I519745\.ivy2\cache\org.apache.logging.log4j\log4j-slf4j-impl\jars\log4j-slf4j-impl-2.8.1.jar;C:\Users\I519745\.ivy2\cache\prom-libs\jargs\jars\jargs-latest.jar;C:\Users\I519745\.ivy2\cache\tablelayout\TableLayout\jars\TableLayout-20050920.jar;C:\Users\I519745\.ivy2\cache\org.slf4j\slf4j-api\jars\slf4j-api-1.7.25.jar;C:\Users\I519745\.ivy2\cache\prom-libs\slickerbox\jars\slickerbox-1.0rc1.jar;C:\Users\I519745\.ivy2\cache\prom\ProM-Models\jars\ProM-Models-latest.j
Launcher Type: SUN_STANDARD

Environment Variables:
JAVA_HOME=C:\Program Files\SapMachine\JDK\11\
CLASSPATH=C:\Program Files\Java\jdk1.8.0_271\lib\tools.jar
PATH=C:/Program Files/Java/jre1.8.0_281/bin/server;C:/Program Files/Java/jre1.8.0_281/bin;C:/Program Files/Java/jre1.8.0_281/lib/amd64;C:\Program Files (x86)\Common Files\Oracle\Java\javapath;C:\Program Files\SapMachine\JDK\11\bin;C:\WINDOWS\system32;C:\WINDOWS;C:\WINDOWS\System32\Wbem;C:\WINDOWS\System32\WindowsPowerShell\v1.0\;C:\WINDOWS\System32\OpenSSH\;C:\Program Files\Java\jdk1.8.0_271\bin;C:\Users\I519745\Desktop;
USERNAME=I519745
OS=Windows_NT
PROCESSOR_IDENTIFIER=Intel64 Family 6 Model 142 Stepping 10, GenuineIntel



---------------  S Y S T E M  ---------------

OS: Windows 10.0 , 64 bit Build 19041 (10.0.19041.662)

CPU:total 2 (initial active 2) (2 cores per cpu, 1 threads per core) family 6 model 142 stepping 10, cmov, cx8, fxsr, mmx, sse, sse2, sse3, ssse3, sse4.1, sse4.2, popcnt, avx, avx2, aes, clmul, erms, 3dnowpref, lzcnt, tsc, tscinvbit, bmi1, bmi2, adx

Memory: 4k page, physical 4193104k(243160k free), swap 12015180k(120k free)

vm_info: Java HotSpot(TM) 64-Bit Server VM (25.281-b09) for windows-amd64 JRE (1.8.0_281-b09), built on Dec  9 2020 13:54:07 by "" with MS VC++ 15.9 (VS2017)

time: Sat Jan 30 08:46:45 2021
timezone: Pacific Standard Time
elapsed time: 849.626094 seconds (0d 0h 14m 9s)

