#
# There is insufficient memory for the Java Runtime Environment to continue.
# Native memory allocation (malloc) failed to allocate 518736 bytes for Chunk::new
# Possible reasons:
#   The system is out of physical RAM or swap space
#   The process is running with CompressedOops enabled, and the Java Heap may be blocking the growth of the native heap
# Possible solutions:
#   Reduce memory load on the system
#   Increase physical memory or swap space
#   Check if swap backing store is full
#   Decrease Java heap size (-Xmx/-Xms)
#   Decrease number of Java threads
#   Decrease Java thread stack sizes (-Xss)
#   Set larger code cache with -XX:ReservedCodeCacheSize=
#   JVM is running with Zero Based Compressed Oops mode in which the Java heap is
#     placed in the first 32GB address space. The Java Heap base address is the
#     maximum limit for the native heap growth. Please use -XX:HeapBaseMinAddress
#     to set the Java Heap base and to place the Java Heap above 32GB virtual address.
# This output file may be truncated or incomplete.
#
#  Out of Memory Error (allocation.cpp:389), pid=8616, tid=0x0000000000004ec4
#
# JRE version: Java(TM) SE Runtime Environment (8.0_281-b09) (build 1.8.0_281-b09)
# Java VM: Java HotSpot(TM) 64-Bit Server VM (25.281-b09 mixed mode windows-amd64 compressed oops)
# Failed to write core dump. Minidumps are not enabled by default on client versions of Windows
#

---------------  T H R E A D  ---------------

Current thread (0x000001c07fcc1000):  JavaThread "C2 CompilerThread0" daemon [_thread_in_native, id=20164, stack(0x000000a3ae100000,0x000000a3ae200000)]

Stack: [0x000000a3ae100000,0x000000a3ae200000]
Native frames: (J=compiled Java code, j=interpreted, Vv=VM code, C=native code)
V  [jvm.dll+0x32e5b9]
V  [jvm.dll+0x275012]
V  [jvm.dll+0x275cbd]
V  [jvm.dll+0x26c6f5]
V  [jvm.dll+0xd51fc]
V  [jvm.dll+0xd59fc]
V  [jvm.dll+0x46f8c3]
V  [jvm.dll+0x4373e0]
V  [jvm.dll+0x4403d5]
V  [jvm.dll+0x43f795]
V  [jvm.dll+0x42a5e7]
V  [jvm.dll+0xabe9b]
V  [jvm.dll+0xaa4fb]
V  [jvm.dll+0x23d6b2]
V  [jvm.dll+0x291cbc]
C  [ucrtbase.dll+0x214c2]
C  [KERNEL32.DLL+0x17034]
C  [ntdll.dll+0x4d0d1]


Current CompileTask:
C2:4915265 7705   !   4       sun.java2d.pipe.DrawImage::renderImageCopy (147 bytes)


---------------  P R O C E S S  ---------------

Java Threads: ( => current thread )
  0x000001c0271dc000 JavaThread "pool-5-thread-1" [_thread_in_Java, id=21336, stack(0x000000a3ad700000,0x000000a3ad800000)]
  0x000001c0271e0800 JavaThread "pool-1-thread-1" [_thread_blocked, id=19256, stack(0x000000a3af300000,0x000000a3af400000)]
  0x000001c0271de800 JavaThread "Swing-Shell" daemon [_thread_blocked, id=20440, stack(0x000000a3af100000,0x000000a3af200000)]
  0x000001c0271db800 JavaThread "D3D Screen Updater" daemon [_thread_blocked, id=21376, stack(0x000000a3aee00000,0x000000a3aef00000)]
  0x000001c0271dd800 JavaThread "DestroyJavaVM" [_thread_blocked, id=20188, stack(0x000000a3ad900000,0x000000a3ada00000)]
  0x000001c0271e2000 JavaThread "AWT-EventQueue-0" [_thread_blocked, id=20868, stack(0x000000a3ae900000,0x000000a3aea00000)]
  0x000001c0271dd000 JavaThread "AWT-Shutdown" [_thread_blocked, id=20444, stack(0x000000a3ae600000,0x000000a3ae700000)]
  0x000001c020607000 JavaThread "TimerQueue" daemon [_thread_blocked, id=8596, stack(0x000000a3aeb00000,0x000000a3aec00000)]
  0x000001c021880000 JavaThread "AWT-Windows" daemon [_thread_in_native, id=18564, stack(0x000000a3ae700000,0x000000a3ae800000)]
  0x000001c02188d800 JavaThread "Java2D Disposer" daemon [_thread_blocked, id=18268, stack(0x000000a3ae500000,0x000000a3ae600000)]
  0x000001c02007c800 JavaThread "Service Thread" daemon [_thread_blocked, id=20472, stack(0x000000a3ae300000,0x000000a3ae400000)]
  0x000001c07fcc9000 JavaThread "C1 CompilerThread1" daemon [_thread_blocked, id=21040, stack(0x000000a3ae200000,0x000000a3ae300000)]
=>0x000001c07fcc1000 JavaThread "C2 CompilerThread0" daemon [_thread_in_native, id=20164, stack(0x000000a3ae100000,0x000000a3ae200000)]
  0x000001c07fc72000 JavaThread "Attach Listener" daemon [_thread_blocked, id=17936, stack(0x000000a3ae000000,0x000000a3ae100000)]
  0x000001c07fc43000 JavaThread "Signal Dispatcher" daemon [_thread_blocked, id=20544, stack(0x000000a3adf00000,0x000000a3ae000000)]
  0x000001c07fbcc000 JavaThread "Finalizer" daemon [_thread_blocked, id=20288, stack(0x000000a3ade00000,0x000000a3adf00000)]
  0x000001c07fba3000 JavaThread "Reference Handler" daemon [_thread_blocked, id=20272, stack(0x000000a3add00000,0x000000a3ade00000)]

Other Threads:
  0x000001c07fb99800 VMThread [stack: 0x000000a3adc00000,0x000000a3add00000] [id=20040]
  0x000001c020120000 WatcherThread [stack: 0x000000a3ae400000,0x000000a3ae500000] [id=19360]

VM state:not at safepoint (normal execution)

VM Mutex/Monitor currently owned by a thread: None

heap address: 0x00000005c0000000, size: 8192 MB, Compressed Oops mode: Zero based, Oop shift amount: 3
Narrow klass base: 0x0000000000000000, Narrow klass shift: 3
Compressed class space size: 1073741824 Address: 0x00000007c0000000

Heap:
 PSYoungGen      total 2518016K, used 1281419K [0x0000000715580000, 0x00000007c0000000, 0x00000007c0000000)
  eden space 2240000K, 57% used [0x0000000715580000,0x00000007638e2d10,0x000000079e100000)
  from space 278016K, 0% used [0x000000079e100000,0x000000079e100000,0x00000007af080000)
  to   space 278016K, 0% used [0x00000007af080000,0x00000007af080000,0x00000007c0000000)
 ParOldGen       total 5592576K, used 5592095K [0x00000005c0000000, 0x0000000715580000, 0x0000000715580000)
  object space 5592576K, 99% used [0x00000005c0000000,0x0000000715507f88,0x0000000715580000)
 Metaspace       used 41191K, capacity 41508K, committed 41980K, reserved 1085440K
  class space    used 6255K, capacity 6364K, committed 6448K, reserved 1048576K

Card table byte_map: [0x000001c07cf70000,0x000001c07df80000] byte_map_base: 0x000001c07a170000

Marking Bits: (ParMarkBitMap*) 0x0000000066616ff0
 Begin Bits: [0x000001c00f000000, 0x000001c017000000)
 End Bits:   [0x000001c017000000, 0x000001c01f000000)

Polling page: 0x000001c07b1d0000

CodeCache: size=245760Kb used=19503Kb max_used=21203Kb free=226257Kb
 bounds [0x000001c000000000, 0x000001c001510000, 0x000001c00f000000]
 total_blobs=6397 nmethods=5741 adapters=567
 compilation: enabled

Compilation events (10 events):
Event: 4914.616 Thread 0x000001c07fcc9000 nmethod 7703 0x000001c0012c1e90 code [0x000001c0012c2380, 0x000001c0012c6700]
Event: 4915.107 Thread 0x000001c07fcc1000 7704       4       java.awt.image.PackedColorModel::countBits (44 bytes)
Event: 4915.110 Thread 0x000001c07fcc1000 nmethod 7704 0x000001c0011c0750 code [0x000001c0011c0880, 0x000001c0011c0938]
Event: 4915.136 Thread 0x000001c07fcc1000 7705   !   4       sun.java2d.pipe.DrawImage::renderImageCopy (147 bytes)
Event: 4915.149 Thread 0x000001c07fcc9000 7707       3       java.awt.geom.Rectangle2D$Float::<init> (14 bytes)
Event: 4915.149 Thread 0x000001c07fcc9000 nmethod 7707 0x000001c0011be490 code [0x000001c0011be600, 0x000001c0011be8f8]
Event: 4915.153 Thread 0x000001c07fcc9000 7708       3       java.awt.geom.Rectangle2D$Float::setRect (22 bytes)
Event: 4915.154 Thread 0x000001c07fcc9000 nmethod 7708 0x000001c000782150 code [0x000001c0007822a0, 0x000001c000782418]
Event: 4915.163 Thread 0x000001c07fcc9000 7709   !   3       java.awt.Toolkit::setDesktopProperty (81 bytes)
Event: 4915.164 Thread 0x000001c07fcc9000 nmethod 7709 0x000001c000c53b90 code [0x000001c000c53dc0, 0x000001c000c54cd0]

GC Heap History (10 events):
Event: 4713.753 GC heap before
{Heap before GC invocations=3088 (full 2935):
 PSYoungGen      total 2518016K, used 2240000K [0x0000000715580000, 0x00000007c0000000, 0x00000007c0000000)
  eden space 2240000K, 100% used [0x0000000715580000,0x000000079e100000,0x000000079e100000)
  from space 278016K, 0% used [0x000000079e100000,0x000000079e100000,0x00000007af080000)
  to   space 278016K, 0% used [0x00000007af080000,0x00000007af080000,0x00000007c0000000)
 ParOldGen       total 5592576K, used 5592292K [0x00000005c0000000, 0x0000000715580000, 0x0000000715580000)
  object space 5592576K, 99% used [0x00000005c0000000,0x00000007155393a8,0x0000000715580000)
 Metaspace       used 41189K, capacity 41508K, committed 41980K, reserved 1085440K
  class space    used 6255K, capacity 6364K, committed 6448K, reserved 1048576K
Event: 4741.009 GC heap after
Heap after GC invocations=3088 (full 2935):
 PSYoungGen      total 2518016K, used 1237510K [0x0000000715580000, 0x00000007c0000000, 0x00000007c0000000)
  eden space 2240000K, 55% used [0x0000000715580000,0x0000000760e01be0,0x000000079e100000)
  from space 278016K, 0% used [0x000000079e100000,0x000000079e100000,0x00000007af080000)
  to   space 278016K, 0% used [0x00000007af080000,0x00000007af080000,0x00000007c0000000)
 ParOldGen       total 5592576K, used 5592243K [0x00000005c0000000, 0x0000000715580000, 0x0000000715580000)
  object space 5592576K, 99% used [0x00000005c0000000,0x000000071552cea0,0x0000000715580000)
 Metaspace       used 41189K, capacity 41508K, committed 41980K, reserved 1085440K
  class space    used 6255K, capacity 6364K, committed 6448K, reserved 1048576K
}
Event: 4762.803 GC heap before
{Heap before GC invocations=3089 (full 2936):
 PSYoungGen      total 2518016K, used 2240000K [0x0000000715580000, 0x00000007c0000000, 0x00000007c0000000)
  eden space 2240000K, 100% used [0x0000000715580000,0x000000079e100000,0x000000079e100000)
  from space 278016K, 0% used [0x000000079e100000,0x000000079e100000,0x00000007af080000)
  to   space 278016K, 0% used [0x00000007af080000,0x00000007af080000,0x00000007c0000000)
 ParOldGen       total 5592576K, used 5592243K [0x00000005c0000000, 0x0000000715580000, 0x0000000715580000)
  object space 5592576K, 99% used [0x00000005c0000000,0x000000071552cea0,0x0000000715580000)
 Metaspace       used 41189K, capacity 41508K, committed 41980K, reserved 1085440K
  class space    used 6255K, capacity 6364K, committed 6448K, reserved 1048576K
Event: 4790.105 GC heap after
Heap after GC invocations=3089 (full 2936):
 PSYoungGen      total 2518016K, used 1231976K [0x0000000715580000, 0x00000007c0000000, 0x00000007c0000000)
  eden space 2240000K, 54% used [0x0000000715580000,0x000000076089a3f0,0x000000079e100000)
  from space 278016K, 0% used [0x000000079e100000,0x000000079e100000,0x00000007af080000)
  to   space 278016K, 0% used [0x00000007af080000,0x00000007af080000,0x00000007c0000000)
 ParOldGen       total 5592576K, used 5592194K [0x00000005c0000000, 0x0000000715580000, 0x0000000715580000)
  object space 5592576K, 99% used [0x00000005c0000000,0x0000000715520998,0x0000000715580000)
 Metaspace       used 41189K, capacity 41508K, committed 41980K, reserved 1085440K
  class space    used 6255K, capacity 6364K, committed 6448K, reserved 1048576K
}
Event: 4806.402 GC heap before
{Heap before GC invocations=3090 (full 2937):
 PSYoungGen      total 2518016K, used 2240000K [0x0000000715580000, 0x00000007c0000000, 0x00000007c0000000)
  eden space 2240000K, 100% used [0x0000000715580000,0x000000079e100000,0x000000079e100000)
  from space 278016K, 0% used [0x000000079e100000,0x000000079e100000,0x00000007af080000)
  to   space 278016K, 0% used [0x00000007af080000,0x00000007af080000,0x00000007c0000000)
 ParOldGen       total 5592576K, used 5592194K [0x00000005c0000000, 0x0000000715580000, 0x0000000715580000)
  object space 5592576K, 99% used [0x00000005c0000000,0x0000000715520998,0x0000000715580000)
 Metaspace       used 41189K, capacity 41508K, committed 41980K, reserved 1085440K
  class space    used 6255K, capacity 6364K, committed 6448K, reserved 1048576K
Event: 4810.324 GC heap after
Heap after GC invocations=3090 (full 2937):
 PSYoungGen      total 2518016K, used 1267635K [0x0000000715580000, 0x00000007c0000000, 0x00000007c0000000)
  eden space 2240000K, 56% used [0x0000000715580000,0x0000000762b6cd58,0x000000079e100000)
  from space 278016K, 0% used [0x000000079e100000,0x000000079e100000,0x00000007af080000)
  to   space 278016K, 0% used [0x00000007af080000,0x00000007af080000,0x00000007c0000000)
 ParOldGen       total 5592576K, used 5592194K [0x00000005c0000000, 0x0000000715580000, 0x0000000715580000)
  object space 5592576K, 99% used [0x00000005c0000000,0x0000000715520998,0x0000000715580000)
 Metaspace       used 41189K, capacity 41508K, committed 41980K, reserved 1085440K
  class space    used 6255K, capacity 6364K, committed 6448K, reserved 1048576K
}
Event: 4821.407 GC heap before
{Heap before GC invocations=3091 (full 2938):
 PSYoungGen      total 2518016K, used 2240000K [0x0000000715580000, 0x00000007c0000000, 0x00000007c0000000)
  eden space 2240000K, 100% used [0x0000000715580000,0x000000079e100000,0x000000079e100000)
  from space 278016K, 0% used [0x000000079e100000,0x000000079e100000,0x00000007af080000)
  to   space 278016K, 0% used [0x00000007af080000,0x00000007af080000,0x00000007c0000000)
 ParOldGen       total 5592576K, used 5592194K [0x00000005c0000000, 0x0000000715580000, 0x0000000715580000)
  object space 5592576K, 99% used [0x00000005c0000000,0x0000000715520998,0x0000000715580000)
 Metaspace       used 41189K, capacity 41508K, committed 41980K, reserved 1085440K
  class space    used 6255K, capacity 6364K, committed 6448K, reserved 1048576K
Event: 4848.475 GC heap after
Heap after GC invocations=3091 (full 2938):
 PSYoungGen      total 2518016K, used 1251042K [0x0000000715580000, 0x00000007c0000000, 0x00000007c0000000)
  eden space 2240000K, 55% used [0x0000000715580000,0x0000000761b38b48,0x000000079e100000)
  from space 278016K, 0% used [0x000000079e100000,0x000000079e100000,0x00000007af080000)
  to   space 278016K, 0% used [0x00000007af080000,0x00000007af080000,0x00000007c0000000)
 ParOldGen       total 5592576K, used 5592145K [0x00000005c0000000, 0x0000000715580000, 0x0000000715580000)
  object space 5592576K, 99% used [0x00000005c0000000,0x0000000715514490,0x0000000715580000)
 Metaspace       used 41189K, capacity 41508K, committed 41980K, reserved 1085440K
  class space    used 6255K, capacity 6364K, committed 6448K, reserved 1048576K
}
Event: 4872.225 GC heap before
{Heap before GC invocations=3092 (full 2939):
 PSYoungGen      total 2518016K, used 2240000K [0x0000000715580000, 0x00000007c0000000, 0x00000007c0000000)
  eden space 2240000K, 100% used [0x0000000715580000,0x000000079e100000,0x000000079e100000)
  from space 278016K, 0% used [0x000000079e100000,0x000000079e100000,0x00000007af080000)
  to   space 278016K, 0% used [0x00000007af080000,0x00000007af080000,0x00000007c0000000)
 ParOldGen       total 5592576K, used 5592145K [0x00000005c0000000, 0x0000000715580000, 0x0000000715580000)
  object space 5592576K, 99% used [0x00000005c0000000,0x0000000715514490,0x0000000715580000)
 Metaspace       used 41189K, capacity 41508K, committed 41980K, reserved 1085440K
  class space    used 6255K, capacity 6364K, committed 6448K, reserved 1048576K
Event: 4914.388 GC heap after
Heap after GC invocations=3092 (full 2939):
 PSYoungGen      total 2518016K, used 1235718K [0x0000000715580000, 0x00000007c0000000, 0x00000007c0000000)
  eden space 2240000K, 55% used [0x0000000715580000,0x0000000760c41a78,0x000000079e100000)
  from space 278016K, 0% used [0x000000079e100000,0x000000079e100000,0x00000007af080000)
  to   space 278016K, 0% used [0x00000007af080000,0x00000007af080000,0x00000007c0000000)
 ParOldGen       total 5592576K, used 5592095K [0x00000005c0000000, 0x0000000715580000, 0x0000000715580000)
  object space 5592576K, 99% used [0x00000005c0000000,0x0000000715507f88,0x0000000715580000)
 Metaspace       used 41189K, capacity 41508K, committed 41980K, reserved 1085440K
  class space    used 6255K, capacity 6364K, committed 6448K, reserved 1048576K
}

Deoptimization events (10 events):
Event: 3545.995 Thread 0x000001c021880000 Uncommon trap: reason=speculate_class_check action=maybe_recompile pc=0x000001c000a0feb8 method=java.util.HashMap.putVal(ILjava/lang/Object;Ljava/lang/Object;ZZ)Ljava/lang/Object; @ 56
Event: 3546.033 Thread 0x000001c0271e2000 Uncommon trap: reason=unstable_if action=reinterpret pc=0x000001c000bbed74 method=java.awt.Component.updateGraphicsData(Ljava/awt/GraphicsConfiguration;)Z @ 25
Event: 3546.166 Thread 0x000001c0271e2000 Uncommon trap: reason=unstable_if action=reinterpret pc=0x000001c00078f6f0 method=sun.java2d.SurfaceData.getSourceSurfaceData(Ljava/awt/Image;ILsun/java2d/loops/CompositeType;Ljava/awt/Color;)Lsun/java2d/SurfaceData; @ 64
Event: 4914.461 Thread 0x000001c021880000 Uncommon trap: reason=array_check action=maybe_recompile pc=0x000001c00139a2b4 method=java.util.Arrays.swap([Ljava/lang/Object;II)V @ 9
Event: 4914.465 Thread 0x000001c021880000 Uncommon trap: reason=array_check action=maybe_recompile pc=0x000001c00139a33c method=java.util.Arrays.swap([Ljava/lang/Object;II)V @ 9
Event: 4914.466 Thread 0x000001c021880000 Uncommon trap: reason=array_check action=maybe_recompile pc=0x000001c00139a2b4 method=java.util.Arrays.swap([Ljava/lang/Object;II)V @ 9
Event: 4914.466 Thread 0x000001c021880000 Uncommon trap: reason=array_check action=maybe_recompile pc=0x000001c00139a16c method=java.util.Arrays.mergeSort([Ljava/lang/Object;[Ljava/lang/Object;III)V @ 226
Event: 4914.466 Thread 0x000001c021880000 Uncommon trap: reason=array_check action=maybe_recompile pc=0x000001c00139a2b4 method=java.util.Arrays.swap([Ljava/lang/Object;II)V @ 9
Event: 4914.466 Thread 0x000001c021880000 Uncommon trap: reason=array_check action=maybe_recompile pc=0x000001c00139a228 method=java.util.Arrays.mergeSort([Ljava/lang/Object;[Ljava/lang/Object;III)V @ 212
Event: 4914.466 Thread 0x000001c021880000 Uncommon trap: reason=array_check action=maybe_recompile pc=0x000001c00139a228 method=java.util.Arrays.mergeSort([Ljava/lang/Object;[Ljava/lang/Object;III)V @ 212

Classes redefined (0 events):
No events

Internal exceptions (10 events):
Event: 29.058 Thread 0x000001c07b278000 Implicit null exception at 0x000001c000412332 to 0x000001c000412549
Event: 43.550 Thread 0x000001c0271e2000 Implicit null exception at 0x000001c000bd873c to 0x000001c000bdb4b5
Event: 43.552 Thread 0x000001c0271e2000 Implicit null exception at 0x000001c000bbeba8 to 0x000001c000bc09b1
Event: 65.055 Thread 0x000001c0271e0800 Implicit null exception at 0x000001c000e5b0bb to 0x000001c000e5b901
Event: 65.055 Thread 0x000001c0271e0800 Implicit null exception at 0x000001c000e0431e to 0x000001c000e04605
Event: 65.579 Thread 0x000001c0271e2000 Implicit null exception at 0x000001c000d7d695 to 0x000001c000d7d929
Event: 67.620 Thread 0x000001c0271e0800 Implicit null exception at 0x000001c000f7574b to 0x000001c000f76729
Event: 69.007 Thread 0x000001c0271dc000 Implicit null exception at 0x000001c000a04af3 to 0x000001c000a04ea5
Event: 155.024 Thread 0x000001c0271e2000 Implicit null exception at 0x000001c000a91813 to 0x000001c000a91a4d
Event: 2013.569 Thread 0x000001c0271e2000 Implicit null exception at 0x000001c000d561d1 to 0x000001c000d5a6b6

Events (10 events):
Event: 4914.466 Thread 0x000001c021880000 DEOPT UNPACKING pc=0x000001c000045843 sp=0x000000a3ae7fe128 mode 2
Event: 4914.466 Thread 0x000001c021880000 Uncommon trap: trap_request=0xffffffd6 fr.pc=0x000001c00139a228
Event: 4914.466 Thread 0x000001c021880000 DEOPT PACKING pc=0x000001c00139a228 sp=0x000000a3ae7fe290
Event: 4914.466 Thread 0x000001c021880000 DEOPT UNPACKING pc=0x000001c000045843 sp=0x000000a3ae7fe200 mode 2
Event: 4914.466 Thread 0x000001c021880000 Uncommon trap: trap_request=0xffffffd6 fr.pc=0x000001c00139a228
Event: 4914.466 Thread 0x000001c021880000 DEOPT PACKING pc=0x000001c00139a228 sp=0x000000a3ae7fe460
Event: 4914.466 Thread 0x000001c021880000 DEOPT UNPACKING pc=0x000001c000045843 sp=0x000000a3ae7fe3d0 mode 2
Event: 4915.116 Thread 0x000001c07fcc1000 flushing nmethod 0x000001c000782150
Event: 4915.148 Thread 0x000001c0271e2000 DEOPT PACKING pc=0x000001c000ce1e55 sp=0x000000a3ae9fb030
Event: 4915.148 Thread 0x000001c0271e2000 DEOPT UNPACKING pc=0x000001c000047898 sp=0x000000a3ae9fadb0 mode 0


Dynamic libraries:
0x00007ff7336a0000 - 0x00007ff7336e7000 	C:\Program Files\Java\jre1.8.0_281\bin\javaw.exe
0x00007ffc1cd50000 - 0x00007ffc1cf46000 	C:\WINDOWS\SYSTEM32\ntdll.dll
0x00007ffc1c900000 - 0x00007ffc1c9bd000 	C:\WINDOWS\System32\KERNEL32.DLL
0x00007ffc1a680000 - 0x00007ffc1a949000 	C:\WINDOWS\System32\KERNELBASE.dll
0x00007ffc1c750000 - 0x00007ffc1c7fc000 	C:\WINDOWS\System32\ADVAPI32.dll
0x00007ffc1b240000 - 0x00007ffc1b2de000 	C:\WINDOWS\System32\msvcrt.dll
0x00007ffc1c860000 - 0x00007ffc1c8fc000 	C:\WINDOWS\System32\sechost.dll
0x00007ffc1cb70000 - 0x00007ffc1cc9b000 	C:\WINDOWS\System32\RPCRT4.dll
0x00007ffc1afe0000 - 0x00007ffc1b180000 	C:\WINDOWS\System32\USER32.dll
0x00007ffc1abf0000 - 0x00007ffc1ac12000 	C:\WINDOWS\System32\win32u.dll
0x00007ffc1b9f0000 - 0x00007ffc1ba1a000 	C:\WINDOWS\System32\GDI32.dll
0x00007ffc1aa60000 - 0x00007ffc1ab6b000 	C:\WINDOWS\System32\gdi32full.dll
0x00007ffc1a490000 - 0x00007ffc1a52d000 	C:\WINDOWS\System32\msvcp_win.dll
0x00007ffc1a580000 - 0x00007ffc1a680000 	C:\WINDOWS\System32\ucrtbase.dll
0x00007ffc0a9a0000 - 0x00007ffc0ac3b000 	C:\WINDOWS\WinSxS\amd64_microsoft.windows.common-controls_6595b64144ccf1df_6.0.19041.746_none_ca02b4b61b8320a4\COMCTL32.dll
0x00007ffc1bb60000 - 0x00007ffc1bb90000 	C:\WINDOWS\System32\IMM32.DLL
0x00007ffbf18b0000 - 0x00007ffbf1954000 	C:\Program Files\McAfee\Endpoint Security\Threat Prevention\Ips\EpMPApi.dll
0x00007ffc1aa00000 - 0x00007ffc1aa60000 	C:\WINDOWS\System32\WINTRUST.dll
0x00007ffc1ac20000 - 0x00007ffc1ad76000 	C:\WINDOWS\System32\CRYPT32.dll
0x00007ffc1a000000 - 0x00007ffc1a012000 	C:\WINDOWS\SYSTEM32\MSASN1.dll
0x0000000066b20000 - 0x0000000066b2c000 	C:\Program Files\McAfee\Endpoint Security\Threat Prevention\Ips\EpMPThe.dll
0x00007ffc00140000 - 0x00007ffc00155000 	C:\Program Files\Java\jre1.8.0_281\bin\vcruntime140.dll
0x00007ffbf9830000 - 0x00007ffbf98cb000 	C:\Program Files\Java\jre1.8.0_281\bin\msvcp140.dll
0x0000000065e30000 - 0x000000006668f000 	C:\Program Files\Java\jre1.8.0_281\bin\server\jvm.dll
0x00007ffc1c640000 - 0x00007ffc1c648000 	C:\WINDOWS\System32\PSAPI.DLL
0x00007ffc10c30000 - 0x00007ffc10c39000 	C:\WINDOWS\SYSTEM32\WSOCK32.dll
0x00007ffc1cca0000 - 0x00007ffc1cd0b000 	C:\WINDOWS\System32\WS2_32.dll
0x00007ffc12d60000 - 0x00007ffc12d87000 	C:\WINDOWS\SYSTEM32\WINMM.dll
0x00007ffc10c20000 - 0x00007ffc10c2a000 	C:\WINDOWS\SYSTEM32\VERSION.dll
0x00007ffc182f0000 - 0x00007ffc18302000 	C:\WINDOWS\SYSTEM32\kernel.appcore.dll
0x00007ffbf8b00000 - 0x00007ffbf8b10000 	C:\Program Files\Java\jre1.8.0_281\bin\verify.dll
0x00007ffbec8b0000 - 0x00007ffbec8db000 	C:\Program Files\Java\jre1.8.0_281\bin\java.dll
0x00007ffbec890000 - 0x00007ffbec8a8000 	C:\Program Files\Java\jre1.8.0_281\bin\zip.dll
0x00007ffc1bb90000 - 0x00007ffc1c2d3000 	C:\WINDOWS\System32\SHELL32.dll
0x00007ffc184f0000 - 0x00007ffc18c7f000 	C:\WINDOWS\SYSTEM32\windows.storage.dll
0x00007ffc1c2e0000 - 0x00007ffc1c636000 	C:\WINDOWS\System32\combase.dll
0x00007ffc19e80000 - 0x00007ffc19eac000 	C:\WINDOWS\SYSTEM32\Wldp.dll
0x00007ffc1c9e0000 - 0x00007ffc1ca8e000 	C:\WINDOWS\System32\SHCORE.dll
0x00007ffc1c6f0000 - 0x00007ffc1c745000 	C:\WINDOWS\System32\shlwapi.dll
0x00007ffc1a3c0000 - 0x00007ffc1a3e6000 	C:\WINDOWS\SYSTEM32\profapi.dll
0x00007ffbe1e60000 - 0x00007ffbe1ff5000 	C:\Program Files\Java\jre1.8.0_281\bin\awt.dll
0x00007ffc1b2e0000 - 0x00007ffc1b3ad000 	C:\WINDOWS\System32\OLEAUT32.dll
0x00007ffc17c70000 - 0x00007ffc17d00000 	C:\WINDOWS\SYSTEM32\apphelp.dll
0x00007ffc18000000 - 0x00007ffc1802f000 	C:\WINDOWS\system32\DWMAPI.DLL
0x00007ffc17de0000 - 0x00007ffc17e7e000 	C:\WINDOWS\system32\uxtheme.dll
0x00007ffbfb8b0000 - 0x00007ffbfb9d5000 	C:\WINDOWS\system32\opengl32.dll
0x00007ffc00ef0000 - 0x00007ffc00f1c000 	C:\WINDOWS\SYSTEM32\GLU32.dll
0x00007ffc1b3b0000 - 0x00007ffc1b4c6000 	C:\WINDOWS\System32\MSCTF.dll
0x00007ffc1ba30000 - 0x00007ffc1bb5a000 	C:\WINDOWS\System32\ole32.dll
0x00007ffc1ab70000 - 0x00007ffc1abf0000 	C:\WINDOWS\System32\bcryptPrimitives.dll
0x00007ffbe26c0000 - 0x00007ffbe288f000 	C:\WINDOWS\system32\d3d9.dll
0x00007ffc0f370000 - 0x00007ffc0f39d000 	C:\WINDOWS\SYSTEM32\vm3dum64_loader.dll
0x00007ffbe2460000 - 0x00007ffbe24da000 	C:\WINDOWS\system32\vm3dum64.dll
0x00007ffbec870000 - 0x00007ffbec88c000 	C:\Program Files\Java\jre1.8.0_281\bin\net.dll
0x00007ffc19c00000 - 0x00007ffc19c6a000 	C:\WINDOWS\system32\mswsock.dll
0x00007ffc19930000 - 0x00007ffc199fb000 	C:\WINDOWS\SYSTEM32\DNSAPI.dll
0x00007ffc198f0000 - 0x00007ffc1992b000 	C:\WINDOWS\SYSTEM32\IPHLPAPI.DLL
0x00007ffc1ba20000 - 0x00007ffc1ba28000 	C:\WINDOWS\System32\NSI.dll
0x00007ffc0b320000 - 0x00007ffc0b32a000 	C:\Windows\System32\rasadhlp.dll
0x00007ffc0bdf0000 - 0x00007ffc0be6f000 	C:\WINDOWS\System32\fwpuclnt.dll
0x00007ffc1ad80000 - 0x00007ffc1ada7000 	C:\WINDOWS\System32\bcrypt.dll
0x00007ffc19dd0000 - 0x00007ffc19de8000 	C:\WINDOWS\SYSTEM32\CRYPTSP.dll
0x00007ffc194a0000 - 0x00007ffc194d4000 	C:\WINDOWS\system32\rsaenh.dll
0x00007ffc1a380000 - 0x00007ffc1a3ae000 	C:\WINDOWS\SYSTEM32\USERENV.dll
0x00007ffc19df0000 - 0x00007ffc19dfc000 	C:\WINDOWS\SYSTEM32\CRYPTBASE.dll
0x00007ffc10a50000 - 0x00007ffc10a67000 	C:\WINDOWS\SYSTEM32\dhcpcsvc6.DLL
0x00007ffc10a30000 - 0x00007ffc10a4d000 	C:\WINDOWS\SYSTEM32\dhcpcsvc.DLL
0x00007ffbec850000 - 0x00007ffbec863000 	C:\Program Files\Java\jre1.8.0_281\bin\nio.dll
0x00007ffbfa460000 - 0x00007ffbfa492000 	C:\Program Files\Java\jre1.8.0_281\bin\jpeg.dll
0x00007ffbfb4b0000 - 0x00007ffbfb4da000 	C:\Program Files\Java\jre1.8.0_281\bin\dcpr.dll
0x00007ffbfa2f0000 - 0x00007ffbfa339000 	C:\Program Files\Java\jre1.8.0_281\bin\fontmanager.dll
0x00007ffbf9130000 - 0x00007ffbf9173000 	C:\Program Files\Java\jre1.8.0_281\bin\t2k.dll
0x00007ffc04930000 - 0x00007ffc0493d000 	C:\Program Files\Java\jre1.8.0_281\bin\management.dll
0x00007ffbfb470000 - 0x00007ffbfb4af000 	C:\Program Files\Java\jre1.8.0_281\bin\lcms.dll
0x00007ffc1b4d0000 - 0x00007ffc1b579000 	C:\WINDOWS\System32\clbcatq.dll
0x00007ffc12af0000 - 0x00007ffc12ca4000 	C:\WINDOWS\SYSTEM32\WindowsCodecs.dll
0x00007ffbf1190000 - 0x00007ffbf11ce000 	C:\WINDOWS\system32\dataexchange.dll
0x00007ffc16930000 - 0x00007ffc16b94000 	C:\WINDOWS\system32\d3d11.dll
0x00007ffc17160000 - 0x00007ffc17347000 	C:\WINDOWS\system32\dcomp.dll
0x00007ffc18ce0000 - 0x00007ffc18dd3000 	C:\WINDOWS\system32\dxgi.dll
0x00007ffc133b0000 - 0x00007ffc135b1000 	C:\WINDOWS\system32\twinapi.appcore.dll
0x00007ffc0f500000 - 0x00007ffc0f5fb000 	C:\WINDOWS\SYSTEM32\textinputframework.dll
0x00007ffc176d0000 - 0x00007ffc17a2e000 	C:\WINDOWS\System32\CoreUIComponents.dll
0x00007ffc17b30000 - 0x00007ffc17c22000 	C:\WINDOWS\System32\CoreMessaging.dll
0x00007ffc17000000 - 0x00007ffc17154000 	C:\WINDOWS\SYSTEM32\wintypes.dll
0x00007ffc190d0000 - 0x00007ffc19103000 	C:\WINDOWS\SYSTEM32\ntmarta.dll
0x00007ffc096c0000 - 0x00007ffc09770000 	C:\WINDOWS\WinSxS\amd64_microsoft.windows.common-controls_6595b64144ccf1df_5.82.19041.488_none_4238de57f6b64d28\comctl32.dll
0x00007ffc1a530000 - 0x00007ffc1a57e000 	C:\WINDOWS\System32\CFGMGR32.dll
0x00007ffc158e0000 - 0x00007ffc159d7000 	C:\WINDOWS\system32\propsys.dll
0x00007ffc014f0000 - 0x00007ffc01507000 	C:\WINDOWS\system32\NetworkExplorer.dll
0x00007ffc0a170000 - 0x00007ffc0a18d000 	C:\WINDOWS\SYSTEM32\MPR.dll
0x00007ffc16320000 - 0x00007ffc1632b000 	C:\WINDOWS\System32\drprov.dll
0x00007ffc19180000 - 0x00007ffc191da000 	C:\WINDOWS\System32\WINSTA.dll
0x00007ffc14150000 - 0x00007ffc14168000 	C:\WINDOWS\System32\ntlanman.dll
0x00007ffc14130000 - 0x00007ffc1414e000 	C:\WINDOWS\System32\davclnt.dll
0x00007ffc14ef0000 - 0x00007ffc14efd000 	C:\WINDOWS\System32\DAVHLPR.dll
0x00007ffc196c0000 - 0x00007ffc196d7000 	C:\WINDOWS\System32\wkscli.dll
0x00007ffbfc970000 - 0x00007ffbfc982000 	C:\WINDOWS\SYSTEM32\cscapi.dll
0x00007ffc19a00000 - 0x00007ffc19a0c000 	C:\WINDOWS\System32\netutils.dll
0x00007ffc03270000 - 0x00007ffc032c8000 	C:\Windows\System32\dlnashext.dll
0x00007ffc01480000 - 0x00007ffc014e4000 	C:\Windows\System32\PlayToDevice.dll
0x00007ffc04100000 - 0x00007ffc04120000 	C:\Windows\System32\DevDispItemProvider.dll
0x00007ffc11410000 - 0x00007ffc11495000 	C:\WINDOWS\System32\MMDevApi.dll
0x00007ffc1a1c0000 - 0x00007ffc1a1ec000 	C:\WINDOWS\System32\DEVOBJ.dll
0x00007ffc013d0000 - 0x00007ffc01473000 	C:\WINDOWS\system32\wpdshext.dll
0x00007ffbe35f0000 - 0x00007ffbe3796000 	C:\WINDOWS\WinSxS\amd64_microsoft.windows.gdiplus_6595b64144ccf1df_1.1.19041.746_none_faeda79b76159a72\gdiplus.dll
0x00007ffc135c0000 - 0x00007ffc13663000 	C:\Windows\System32\PortableDeviceApi.dll
0x00007ffc1b580000 - 0x00007ffc1b9e7000 	C:\WINDOWS\System32\SETUPAPI.dll
0x00007ffc150d0000 - 0x00007ffc15107000 	C:\Windows\System32\EhStorShell.dll
0x00007ffc0c8d0000 - 0x00007ffc0c8f6000 	C:\Windows\System32\EhStorAPI.dll
0x00007ffc15090000 - 0x00007ffc150a4000 	C:\Windows\System32\WTSAPI32.dll
0x00007ffbf1390000 - 0x00007ffbf139d000 	C:\WINDOWS\SYSTEM32\LINKINFO.dll
0x00007ffc0d560000 - 0x00007ffc0d74d000 	C:\WINDOWS\SYSTEM32\urlmon.dll
0x00007ffc0de50000 - 0x00007ffc0e100000 	C:\WINDOWS\SYSTEM32\iertutil.dll
0x0000000180000000 - 0x000000018009e000 	C:\Users\I519745\.ProM\packages\lpsolve-5.5.4\lib\win64\lpsolve55.dll
0x000001c02a110000 - 0x000001c02a135000 	C:\Users\I519745\.ProM\packages\lpsolve-5.5.4\lib\win64\lpsolve55j.dll
0x00007ffc12d90000 - 0x00007ffc12f74000 	C:\WINDOWS\SYSTEM32\dbghelp.dll

VM Arguments:
jvm_args: -ea -Xmx8G -Djava.library.path=.//lib;.//stdlib -Djava.system.class.loader=org.processmining.framework.util.ProMClassLoader -Djava.util.Arrays.useLegacyMergeSort=true -Dfile.encoding=Cp1252 
java_command: org.processmining.contexts.uitopia.UI
java_class_path (initial): C:\Users\I519745\eclipse-workspace\EvaluationPlugin\Prom-Workshop-EvaluationPlugin\tests\bin-test;C:\Users\I519745\eclipse-workspace\EvaluationPlugin\Prom-Workshop-EvaluationPlugin\bin;C:\Users\I519745\.ivy2\cache\prom\ProM-Plugins\jars\ProM-Plugins-latest.jar;C:\Users\I519745\.ivy2\cache\prom\ProM-Contexts\jars\ProM-Contexts-latest.jar;C:\Users\I519745\.ivy2\cache\prom-libs\guava\jars\guava-16.0.1.jar;C:\Users\I519745\.ivy2\cache\junit\junit\jars\junit-4.12.jar;C:\Users\I519745\.ivy2\cache\prom-libs\bsh\jars\bsh-2.0b4.jar;C:\Users\I519745\.ivy2\cache\prom-libs\Spex\jars\Spex-1.1.jar;C:\Users\I519745\.ivy2\cache\prom-libs\Uitopia\jars\Uitopia-0.6-20190913.jar;C:\Users\I519745\.ivy2\cache\prom-libs\UITopiaResources\jars\UITopiaResources-0.6-20190913.jar;C:\Users\I519745\.ivy2\cache\prom\ProM-Framework\jars\ProM-Framework-latest.jar;C:\Users\I519745\.ivy2\cache\org.apache.commons\commons-compress\jars\commons-compress-1.13.jar;C:\Users\I519745\.ivy2\cache\commons-logging\commons-logging\jars\commons-logging-1.1.3.jar;C:\Users\I519745\.ivy2\cache\prom-libs\jgraph\jars\jgraph-5.13.0.4.jar;C:\Users\I519745\.ivy2\cache\com.brsanthu\google-analytics-java\jars\google-analytics-java-1.1.2.jar;C:\Users\I519745\.ivy2\cache\org.apache.httpcomponents\httpclient\jars\httpclient-4.5.3.jar;C:\Users\I519745\.ivy2\cache\org.apache.httpcomponents\httpcore\jars\httpcore-4.4.6.jar;C:\Users\I519745\.ivy2\cache\org.apache.logging.log4j\log4j-api\jars\log4j-api-2.8.1.jar;C:\Users\I519745\.ivy2\cache\org.apache.logging.log4j\log4j-core\jars\log4j-core-2.8.1.jar;C:\Users\I519745\.ivy2\cache\org.apache.logging.log4j\log4j-slf4j-impl\jars\log4j-slf4j-impl-2.8.1.jar;C:\Users\I519745\.ivy2\cache\prom-libs\jargs\jars\jargs-latest.jar;C:\Users\I519745\.ivy2\cache\tablelayout\TableLayout\jars\TableLayout-20050920.jar;C:\Users\I519745\.ivy2\cache\org.slf4j\slf4j-api\jars\slf4j-api-1.7.25.jar;C:\Users\I519745\.ivy2\cache\prom-libs\slickerbox\jars\slickerbox-1.0rc1.jar;C:\
Launcher Type: SUN_STANDARD

Environment Variables:
JAVA_HOME=C:\Program Files\SapMachine\JDK\11\
CLASSPATH=C:\Program Files\Java\jdk1.8.0_271\lib\tools.jar
PATH=C:/Program Files/Java/jre1.8.0_281/bin/server;C:/Program Files/Java/jre1.8.0_281/bin;C:/Program Files/Java/jre1.8.0_281/lib/amd64;C:\gurobi911\win64\bin;C:\Program Files (x86)\Common Files\Oracle\Java\javapath;C:\Program Files\SapMachine\JDK\11\bin;C:\WINDOWS\system32;C:\WINDOWS;C:\WINDOWS\System32\Wbem;C:\WINDOWS\System32\WindowsPowerShell\v1.0\;C:\WINDOWS\System32\OpenSSH\;C:\Program Files\Java\jdk1.8.0_271\bin;C:\Users\I519745\Desktop;
USERNAME=I519745
OS=Windows_NT
PROCESSOR_IDENTIFIER=Intel64 Family 6 Model 142 Stepping 10, GenuineIntel



---------------  S Y S T E M  ---------------

OS: Windows 10.0 , 64 bit Build 19041 (10.0.19041.662)

CPU:total 2 (initial active 2) (2 cores per cpu, 1 threads per core) family 6 model 142 stepping 10, cmov, cx8, fxsr, mmx, sse, sse2, sse3, ssse3, sse4.1, sse4.2, popcnt, avx, avx2, aes, clmul, erms, 3dnowpref, lzcnt, tsc, tscinvbit, bmi1, bmi2, adx

Memory: 4k page, physical 8387408k(646440k free), swap 16209484k(6160k free)

vm_info: Java HotSpot(TM) 64-Bit Server VM (25.281-b09) for windows-amd64 JRE (1.8.0_281-b09), built on Dec  9 2020 13:54:07 by "" with MS VC++ 15.9 (VS2017)

time: Tue Feb 16 08:34:18 2021
timezone: Pacific Standard Time
elapsed time: 4915.286597 seconds (0d 1h 21m 55s)

